-------------------------------------------------------------------------------
Test set: com.casesenha.controller.ControladorValidacaoSenhaIntegracaoTest
-------------------------------------------------------------------------------
Tests run: 4, Failures: 1, Errors: 0, Skipped: 0, Time elapsed: 3.279 s <<< FAILURE! -- in com.casesenha.controller.ControladorValidacaoSenhaIntegracaoTest
com.casesenha.controller.ControladorValidacaoSenhaIntegracaoTest.deveRetornarBadRequestQuandoCampoSenhaForVazio -- Time elapsed: 0.052 s <<< FAILURE!
org.opentest4j.AssertionFailedError: 

expected: 400 BAD_REQUEST
 but was: 500 INTERNAL_SERVER_ERROR
	at java.base/jdk.internal.reflect.DirectConstructorHandleAccessor.newInstance(DirectConstructorHandleAccessor.java:62)
	at java.base/java.lang.reflect.Constructor.newInstanceWithCaller(Constructor.java:502)
	at com.casesenha.controller.ControladorValidacaoSenhaIntegracaoTest.deveRetornarBadRequestQuandoCampoSenhaForVazio(ControladorValidacaoSenhaIntegracaoTest.java:63)
	at java.base/java.lang.reflect.Method.invoke(Method.java:580)
	at java.base/java.util.ArrayList.forEach(ArrayList.java:1596)
	at java.base/java.util.ArrayList.forEach(ArrayList.java:1596)

